SF:lib\app\core\network\rest_client.dart
DA:7,0
DA:11,0
DA:14,0
DA:17,0
DA:21,0
DA:22,0
DA:23,0
DA:24,0
LF:8
LH:0
end_of_record
SF:lib\app\data\datasources\motel_datasource.dart
DA:14,1
DA:16,1
DA:18,2
DA:20,2
DA:21,2
DA:22,3
DA:24,4
DA:27,4
LF:8
LH:8
end_of_record
SF:lib\app\domain\entities\motel.dart
DA:17,1
DA:28,0
DA:29,2
LF:3
LH:2
end_of_record
SF:lib\app\domain\entities\motel.g.dart
DA:9,2
DA:10,1
DA:11,1
DA:12,1
DA:13,2
DA:14,2
DA:15,1
DA:16,3
DA:17,1
DA:18,2
DA:19,2
DA:22,0
DA:23,0
DA:24,0
DA:25,0
DA:26,0
DA:27,0
DA:28,0
DA:29,0
DA:30,0
LF:20
LH:11
end_of_record
SF:lib\app\core\errors\failure.dart
DA:12,0
LF:1
LH:0
end_of_record
SF:lib\app\domain\entities\categoria_item.dart
DA:10,1
DA:15,0
DA:16,1
DA:17,1
LF:4
LH:3
end_of_record
SF:lib\app\domain\entities\categoria_item.g.dart
DA:9,1
DA:10,1
DA:11,1
DA:12,1
DA:15,0
DA:16,0
DA:17,0
DA:18,0
LF:8
LH:4
end_of_record
SF:lib\app\domain\entities\item.dart
DA:9,1
DA:11,0
DA:12,2
LF:3
LH:2
end_of_record
SF:lib\app\domain\entities\item.g.dart
DA:9,2
DA:10,1
DA:13,0
DA:14,0
LF:4
LH:2
end_of_record
SF:lib\app\domain\entities\suite.dart
DA:16,1
DA:25,0
DA:26,2
LF:3
LH:2
end_of_record
SF:lib\app\domain\entities\suite.g.dart
DA:9,2
DA:10,1
DA:11,2
DA:12,1
DA:13,4
DA:14,1
DA:15,3
DA:16,1
DA:17,1
DA:18,3
DA:19,1
DA:22,0
DA:23,0
DA:24,0
DA:25,0
DA:26,0
DA:27,0
DA:28,0
LF:18
LH:11
end_of_record
SF:lib\app\domain\usecases\buscar_moteis_usecase.dart
DA:9,1
DA:11,1
DA:13,2
LF:3
LH:3
end_of_record
SF:lib\app\presentation\screens\home\cubit\home_cubit.dart
DA:9,2
DA:11,1
DA:12,1
DA:14,2
DA:15,1
DA:16,3
DA:17,3
LF:7
LH:7
end_of_record
SF:lib\app\presentation\screens\home\cubit\home_state.dart
DA:12,5
DA:14,6
DA:16,6
DA:18,1
DA:19,1
DA:21,1
DA:22,1
DA:24,1
DA:25,4
LF:9
LH:9
end_of_record
SF:lib\app\data\repositories\motel_repository.dart
DA:14,1
DA:16,1
DA:19,2
DA:20,1
DA:21,1
DA:22,2
DA:23,1
DA:24,2
LF:8
LH:8
end_of_record
